<?xml version="1.0" encoding="UTF-8"?>
<Site BuildName="Win32-mingw32-make"
	BuildStamp="20231214-0202-Experimental"
	Name="[NON-UTF-8-BYTE-0xD3][NON-UTF-8-BYTE-0xDA][NON-UTF-8-BYTE-0xD0][NON-UTF-8-BYTE-0xC4][NON-UTF-8-BYTE-0xD0]ĵ[NON-UTF-8-BYTE-0xC4]laptop"
	Generator="ctest-3.28.0-rc5"
	CompilerName="D:/ys2/clang64/bin/c++.exe"
	CompilerVersion="17.0.4"
	OSName="Windows"
	Hostname="lollilaptop"
	OSRelease=" Personal"
	OSVersion=" (Build 22000)"
	OSPlatform="AMD64"
	Is64Bits="1"
	VendorString="AuthenticAMD"
	VendorID="Advanced Micro Devices"
	FamilyID="15"
	ModelID="8"
	ProcessorCacheSize="64"
	NumberOfLogicalCPU="12"
	NumberOfPhysicalCPU="6"
	TotalVirtualMemory="18138"
	TotalPhysicalMemory="15706"
	LogicalProcessorsPerPhysical="2"
	ProcessorClockFrequency="2096"
	>
	<Testing>
		<StartDateTime>Dec 14 10:02 中国标准时间</StartDateTime>
		<StartTestTime>1702519323</StartTestTime>
		<TestList/>
		<EndDateTime>Dec 14 10:02 中国标准时间</EndDateTime>
		<EndTestTime>1702519323</EndTestTime>
		<ElapsedMinutes>0</ElapsedMinutes>
	</Testing>
</Site>
